20260205	16:57:40	10461ce9-2789-4f7f-8bfd-50cfee6897c7	GET	undefined	/20260205	16:58:29	fd16fc28-b9f9-4d54-a3ab-935188b0d134	POST	undefined	/20260205	17:23:58	f567aeb4-35a5-4c60-848d-e8d948245115	POST	undefined	/20260205	17:24:11	8000ca56-ded6-4ba9-804c-df22f4100aa9	GET	undefined	/20260205	17:24:54	f4ce2637-eb8f-4462-becc-6c1583cc1280	PUT	undefined	/20260205	17:25:28	57e16792-ad75-4762-b873-a8cdb16474a2	PUT	undefined	/fG22oigUVqtj4u9tLvpG20260205	17:26:15	b1308770-330c-43c4-8aa8-44e0139b0b2d	GET	undefined	/fG22oigUVqtj4u9tLvpG20260205	17:26:27	c704cea5-d862-4122-8f64-51a7e1f6d6c0	PUT	undefined	/fG22oigUVqtj4u9tLvpG20260205	17:26:37	d7dd86d0-3b6b-4570-a7d8-b0fd96445461	PATCH	undefined	/fG22oigUVqtj4u9tLvpG20260205	17:26:45	28415c38-2168-468f-a65d-2e8dd9f7414c	GET	undefined	/fG22oigUVqtj4u9tLvpG20260205	17:26:50	abe86f83-4de2-4acd-86ea-9d90a838abdd	GET	undefined	/fG22oigUVqtj4u9tLpG20260205	17:32:29	99179edf-8d10-438a-935e-28183242f3a7	GET	undefined	/fG22oigUVqtj4u9tLpG20260205	17:33:04	266fe157-00bb-40cc-a12d-ef32a4e0bdf4	GET	undefined	/fG22oigUVqtj4u9tLpG20260205	17:33:54	7429e254-7d3c-4c36-888a-cc0c9741ad75	GET	undefined	/fG22oigUVqtj4u9tLvpG20260205	17:34:00	d70c9d06-cc08-48e7-8f0d-028da6dcb65c	PATCH	undefined	/fG22oigUVqtj49tLvpG20260205	17:43:52	1ff6bdf8-849a-499d-bb9d-8bfbfc6f34f2	PATCH	undefined	/fG22oigUVqtj49tLvpG20260205	17:44:50	4bea5964-72fb-4bb0-9523-4a5983a1f4be	GET	undefined	/20260205	17:45:23	e07b7538-7516-4961-bfe6-4214236b8b50	DELETE	undefined	/fGfG22oigUVqtj4u9tLvpG20260205	17:46:39	09dd7b10-6355-42e2-b5d5-a55f941c45ef	DELETE	undefined	/fGfG22oigUVqtj4utLvpG20260205	17:46:44	a0178121-05e0-4337-b2f7-cf27cc08b164	DELETE	undefined	/fGfG22oigUVqtj4utLvpG20260205	17:46:48	3796124b-2646-4682-a5f8-6b8015d7710b	DELETE	undefined	/fGfG22oigUVqtj4utLvpG20260205	17:47:10	a0b58953-7beb-4eb7-a5e9-f879cb4fe4a5	DELETE	undefined	/fGfG22oigUVqtj4utLvpG20260205	17:47:40	845d37da-7a1c-4158-8c42-6543ad41edc9	DELETE	undefined	/fGfG22oigUVqtj4u9tLvpG20260205	17:56:18	3c1e3401-0f0a-4497-a341-8b123c117071	DELETE	undefined	/fGfG22oigUVqtj4u9tLvpG20260205	17:56:58	f19d1a9b-c012-4986-83a1-9e8579386ca5	DELETE	undefined	/fGfG22oigUVqtj4u9tLvpG20260205	17:57:28	f92915c5-d9fa-4b84-8515-21b2faa97258	DELETE	undefined	/fGfG22oigUVqtj4u9tLvpG20260205	17:58:25	2caa2db4-d2b6-444b-b9b8-f33af753e83e	DELETE	undefined	/fGfG22oigUVqtj4u9tLvpG20260205	18:02:09	d17f4b96-bc96-4f69-a2bd-2df835fc496e	DELETE	undefined	/fGfG22oigUVqtj4u9tLvpG20260205	18:02:37	32fa4ac6-5561-477b-b2c5-455dde718a3c	DELETE	undefined	/fGfG22oigUVqtj4u9tLvpG20260205	18:13:52	cc35610f-828c-484f-805c-a3c123c96226	DELETE	undefined	/fGfG22oigUVqtj4u9tLvpG20260205	18:17:34	216d522f-8284-4e5a-9dae-5059192d1139	DELETE	undefined	/fGfG22oigUVqtj4u9tLvpG20260205	18:19:12	76b1057e-d6b8-41ee-99f1-2e5aa27b68be	DELETE	undefined	/fGfG22oigUVqtj4u9tLvpG20260205	18:19:20	fd474b7b-d1f6-4757-87cf-4d6bfa92cd70	POST	undefined	/20260205	18:19:30	23c6d45a-8448-4734-9860-d74bb757d766	POST	undefined	/20260205	18:21:57	666d6147-84a4-428b-b65c-978b295e1229	POST	undefined	/20260205	18:22:18	435bf119-8ba8-4b2d-9d9c-eafde179b9ce	POST	undefined	/20260205	18:22:28	189ba180-a900-4dc1-8f14-707c8188817a	DELETE	undefined	/UA9GDvfxNB3sFY4yuxCr20260205	18:29:09	2f653840-776d-4dc4-b137-59ddd0d2f1d6	PATCH	undefined	/fG22oigUVqtj49tLvpG20260205	18:29:57	985288b5-c078-4daa-925e-b2e89af05e3a	PATCH	undefined	/fG22oigUVqtj49tLvpG20260205	18:30:20	13452d3d-0bd1-4ee8-8d57-fd991cf02fda	PATCH	undefined	/UA9GDvfxNB3sFY4yuxCr20260205	18:30:32	dfdf1035-f322-46fb-b8fe-cbdd65e7db75	POST	undefined	/20260205	18:30:44	ca381dfb-5494-4706-a179-41b4e18e38dc	PATCH	undefined	/UA9GDvfxNB3sFY4yuxCr20260205	18:30:52	8f0ae448-9109-4842-b428-3ad6c55445e2	PATCH	undefined	/njvlsNtjeTaxKmJIyoEN20260205	18:54:26	b4f61488-8cc2-4c32-894a-61aa3404082a	PATCH	no-origin	/njvlsNtjeTaxKmJIyoEN
20260205	18:56:20	31f8225a-4a61-4b33-9a8a-c55a5dd0911d	POST	no-origin	/
20260205	18:56:41	a6862ea7-d6a6-44f3-ba6b-5c5fdc5c3356	POST	no-origin	/
20260205	18:56:49	f9508b3a-abbd-472f-9e24-0d565fe3104f	POST	no-origin	/
20260205	18:57:01	20a86b72-72bd-40a8-842c-623a293bc470	PATCH	no-origin	/EZ4bVctn8sOa3Ie8HpSg
20260205	18:58:05	9a938f18-9f36-4803-839b-c4e13929e9a2	PATCH	no-origin	/EZ4bVctn8sOa3Ie8HpSg
20260205	18:59:05	1bbf5c1a-13f0-4228-89ff-4250100f49de	PATCH	no-origin	/EZ4bVctn8sOa3Ie8HpSg
20260205	19:01:26	5e524767-ee4b-4fdd-a314-4452b754b0bd	PATCH	no-origin	/EZ4bVctn8sOa3Ie8HpSg
20260205	19:01:38	a916f9c7-e61f-49a3-8e19-873f88aaee0b	PATCH	no-origin	/EZ4bVctn8sOa3Ie8HpSg
20260205	19:03:13	a7e70cdd-b5d7-43bc-8230-acee7b200cd4	POST	no-origin	/
20260205	19:03:19	7ffd5537-d383-42d1-943f-154717f6b81c	GET	no-origin	/
20260211	13:27:57	vjVIdE5EuraY8LIY5O28	GET	no-origin	/
20260211	13:28:35	k29KaCfu48KuJ1xQitlj	GET	no-origin	/notes
20260211	13:30:31	QQKvl5g8xHZgJI7vgK65	GET	no-origin	/notes?startDocId=EZ4bVctn8sOa3Ie8HpS&limit=4
20260211	13:32:48	pI9ry8aPNZWtYNo2QJ0M	GET	no-origin	/notes?startDocId=EZ4bVctn8sOa3Ie8HpS&limit=4
20260211	13:33:13	mUKWQT0IK62N74qHnmt7	GET	no-origin	/notes?startDocId=EZ4bVctn8sOa3Ie8HpS&limit=4
20260211	13:33:57	c55rwD1DUL5MDlpCuyFz	GET	no-origin	/notes?startDocId=EZ4bVctn8sOa3Ie8HpS&limit=4
20260211	13:35:34	SE2GDCJ8Tfl0qqOPxLD8	GET	no-origin	/notes?startDocId=EZ4bVctn8sOa3Ie8HpS&limit=4
20260211	13:36:21	Qrfo9wjlmct7ZokJICjR	GET	no-origin	/notes?startDocId=EZ4bVctn8sOa3Ie8HpS&limit=4
20260211	13:36:59	begIxRE1Le93AL7RRntV	GET	no-origin	/notes?startDocId=EZ4bVctn8sOa3Ie8HpS&limit=4
20260211	13:42:05	ygxSH4GiIS3fo3FQErWI	GET	no-origin	/notes?startDocId=EZ4bVctn8sOa3Ie8HpS&limit=4
20260211	13:43:09	9pBBfpUP3t3H10BUgBOg	DELETE	no-origin	/uCd7so4YWGhIfT4DcOpa
20260211	13:43:21	MfV1KSMdY7nG258Y3Mv3	DELETE	no-origin	/notes/uCd7so4YWGhIfT4DcOpa
20260211	13:43:41	iy2fJpweaXwiV85BHK7A	DELETE	no-origin	/notes/zAi2lv7M1cBtOjdTcxLg
20260211	13:43:56	40ld1vmajX304cCLz1Xp	GET	no-origin	/notes?startDocId=EZ4bVctn8sOa3Ie8HpS&limit=4
20260211	13:49:32	gJStJbdhF0ScsKg594OC	DELETE	no-origin	/notes/fG22oigUVqtj4u9tLvpG
20260211	13:49:43	VmnnE8DHH5kGutWwVahL	GET	no-origin	/notes?startDocId=EZ4bVctn8sOa3Ie8HpS&limit=4
20260211	13:51:16	MkV6qkNfdGOqfeQ0UPD0	GET	no-origin	/notes?startDocId=6uf70M6FSecyNNsuudGC&limit=4
20260211	13:51:31	VdQiWoVGbSxF9Ojz3CpS	GET	no-origin	/notes?startDocId=EZ4bVctn8sOa3Ie8HpSg&limit=4
20260211	13:51:39	pO6cpy4T9MtcLYSiGDWP	GET	no-origin	/notes?startDocId=EZ4bVctn8sOa3e8HpSg&limit=4
20260211	13:56:04	PIGY07Oc7369jLW2CcfT	GET	no-origin	/notes?startDocId=EZ4bVctn8sOa3e8HpSg&limit=4
20260211	13:56:20	0zxiEt8ncVipCptd3ipL	GET	no-origin	/notes?startDocId=EZ4bVctn8sOa3e8HpSg&limit=4
20260211	13:59:16	dp76UsRItPm0I0F1k3Cw	GET	no-origin	/notes?startDocId=EZ4bVctn8sOa3e8HpSg&limit=4
20260211	13:59:40	co7sbP367DAIHcmRWw5p	GET	no-origin	/notes/EZ4bVctn8sOa3e8HpSg
20260211	14:25:53	I1uJhYCxRE3Dr0dThLTV	GET	no-origin	/notes/EZ4bVctn8sOa3e8HpSg
20260211	14:27:26	YEVVqNqKD2XDCAdep5M5	GET	no-origin	/notes/EZ4bVctn8sOa3e8HpSg
20260211	14:28:24	tuAh7kmgTXjHCkdz9hh8	GET	no-origin	/notes/EZ4bVctn8sOa3e8HpSg
20260211	14:33:45	NHU1EPsfEhb6arxLyZ8T	GET	no-origin	/notes/EZ4bVctn8sOa3e8HpSg
20260211	15:21:38	vuwnkPZsuq45E9eSnkUc	GET	no-origin	/notes/EZ4bVctn8sOa3e8HpSg
20260211	15:22:37	Sqku42DwdZ8RkAh6mmt2	POST	no-origin	/notes
20260211	15:23:29	1cUKB7DHuBzvz8EmfGWJ	GET	no-origin	/notes?start=C9SpFZ0COHHhiOme6liP
20260211	15:34:09	QBqBfi17rCqbGsnrrPa6	GET	no-origin	/notes
20260211	15:38:28	MOtZuE71Sb5rvjUasCgq	GET	no-origin	/notes
20260211	15:41:43	PmcebVNeEF53NpXsFwmi	GET	no-origin	/notes
20260211	15:42:12	xIwQYkpy5Q9aFUrRHBqs	GET	no-origin	/notes&limit=null
20260211	15:47:14	ojEp9WsZKECxMBvhFbx0	GET	no-origin	/notes&limit=null
20260211	15:48:50	4rXd8teNNjURIqf3eIge	GET	no-origin	/notes&limit=null
20260211	15:52:21	ItTzEuK5dNT5AT3Nrqym	GET	no-origin	/notes&limit=null
20260211	15:53:17	TbiLJSj96bsj53QdAjRW	GET	no-origin	/notes&limit=null
20260211	15:54:27	b3dKP90VMX72auFPkmtV	GET	no-origin	/notes&limit=null
20260211	15:56:33	31A0vLolfZc8kmUmzfrr	GET	no-origin	/notes&limit=null
20260211	15:57:19	ZWU1aH3pkufeBedJBNoX	GET	no-origin	/notes&limit=null
20260212	09:04:33	XG2BKzRJRklyIo5lcjAH	GET	no-origin	/notes
20260212	09:05:38	BpnA9jikaultt0nYSNi7	GET	no-origin	/notes
20260212	09:06:18	qlCGgT9I5mZO5dsVqzzE	GET	no-origin	/notes
20260212	09:07:41	JtCTETXa2IpYVuFZWEqV	GET	no-origin	/notes
20260212	09:08:12	zdIrH7AvlXxleiqgywq0	GET	no-origin	/notes
20260212	09:09:09	HOqTn1fsM5fRJVD0Dfu6	GET	no-origin	/notes
20260212	09:09:40	GBUS1Z4h9IYvlIn4AFd1	GET	no-origin	/notes
20260212	09:10:24	u8jibjqOHjlrvtPOHrNR	GET	no-origin	/notes
20260212	09:11:26	KWtNxTY6DQdjVHARWquf	POST	no-origin	/notes
20260212	09:12:37	llGyWTkveq2hDWNHUCVS	POST	no-origin	/notes
20260212	09:13:13	IJ4E5U8EJJLOOVooto6V	POST	no-origin	/notes
20260212	09:13:48	L1eemVPWIoZwrfEf1Pvl	PATCH	no-origin	/EZ4bVctn8sOa3Ie8HpSg
20260212	09:14:57	d17wefMQBhVHZH694ZmN	PATCH	no-origin	/EZ4bVctn8sOa3Ie8HpSg
20260212	09:15:33	UoTAflCFMl2CfYzXp2ad	PATCH	no-origin	/notes/EZ4bVctn8sOa3Ie8HpSg
20260212	09:15:53	UYJrOTKXHJiNBZ4p9eQV	PATCH	no-origin	/notes/EZ4bVctn8sOa3Ief8HpSg
20260212	09:20:11	eHofR1lF3bSolXRwv4od	PATCH	no-origin	/notes/EZ4bVctn8sOa3Ief8HpSg
20260212	09:20:48	z5pCGiMNmok2xxpZbfTi	DELETE	no-origin	/notes/fG22oigUVqtj4u9tLvpk
20260212	09:20:51	hp0s6oKMML21SZevr7bv	DELETE	no-origin	/notes/fG22oigUVqtj4u9tLvpk
20260212	09:20:54	4VBBuwKzJRq3MpTwbxdM	DELETE	no-origin	/notes/fG22oigUVqtj4u9tLvpkG
20260212	09:21:00	uFgsjuqJO9a0Hn9gZ3Aj	DELETE	no-origin	/notes/fG22oigUVqtj4u9tLvpG
20260212	09:21:17	C6aiuRE0Nzpxun8R01x0	DELETE	no-origin	/notes/E3vvma9lAtfR5jXrmI0s
20260212	09:24:29	VmZedkbheIRwSLOK5QYH	GET	no-origin	/notes&limit=null
20260212	09:24:44	qPvE8GcIgxJGJupFGh5B	GET	no-origin	/notes?limit=null
20260212	09:25:00	BzOMWh7ZUzCoFygxh3Us	GET	no-origin	/notes?limit=50
20260212	09:33:37	e4rsgXEuasbu3gSMVa1t	GET	no-origin	/notes?limit=50
20260212	09:33:53	PEsVDtbzokI0AxugsyxL	POST	no-origin	/notes
20260212	09:51:00	RQxE54ndFQbSEPD2BeU1	GET	no-origin	/notes?limit=50
20260212	09:52:23	Ts03mVDTQOQmOkdtEq21	PATCH	no-origin	/notes/njvlsNtjeTaxKmJIyoEN
20260212	09:56:57	xFmuHhCHeyN3hJsDwXLw	PATCH	no-origin	/notes/njvlsNtjeTaxKmJIyoEN
20260212	09:57:37	ATpgwDZktFoVipMb7LlK	GET	no-origin	/notes?start=6uf70M6FSecyNNsuudGC&limit=1
20260212	09:58:09	cllAQTHmBUIq54znPDs3	GET	no-origin	/notes?start=6uf70M6FSecyNNsuudGC&limit=2
20260212	09:58:19	tjE2U4An0SyuKl0Giafw	GET	no-origin	/notes?start=6uf70M6FSecyNNsuudGC&limit=3
20260212	09:59:03	tb3bVzoZIZ8owQMJtNAR	GET	no-origin	/notes?start=6uf70M6FSecyNNsuudGC&limit=3
20260212	10:00:14	6tKlFB63a7OU5C8g7udk	GET	no-origin	/notes?start=6uf70M6FSecyNNsuudGC&limit=3&asc=true
20260212	10:00:48	kEAUwOKFwFEkjgzx9pwy	GET	no-origin	/notes
20260212	10:01:13	79lkQay0cWpvRhK5E9r1	POST	no-origin	/notes
20260212	10:01:20	jTrKhnnAqNvbCVvaX2Wf	POST	no-origin	/notes
20260212	10:01:25	KN0ZRc8Ynw9DPMg4tEYK	POST	no-origin	/notes
20260212	10:01:32	CHG0mbGsl8zE26qAcyN7	POST	no-origin	/notes
20260212	10:01:39	nkiIF136pYp7IF9nYrtp	POST	no-origin	/notes
20260212	10:01:46	eJUZ3s6fBvRrfdvCc8GY	GET	no-origin	/notes
20260212	10:02:06	Pqkk8wB9eKYo6Z6QqXLI	GET	no-origin	/notes?limit=5
20260212	10:02:56	ZodS7kXl1sHhbQmgrtWJ	GET	no-origin	/notes?start=0CIXn0E3bMWd7R9vh8XE&limit=2&asc=true
20260212	10:03:41	vWf1YVmvFAGWfI3yu41O	GET	no-origin	/notes?start=0CIXn0E3bMWd7R9vh8XE&limit=2
20260212	10:04:23	FmDGQYOEETnrkJKAc4cB	GET	no-origin	/notes?start=P7VRh0KC5aggoXlciUKn&limit=2
20260212	10:04:46	3mx2CSVjwWawpie3hVnC	GET	no-origin	/notes?start=P7VRh0KC5aggoXlciUKn&limit=2&asc=true
20260212	10:13:20	MIhDMgVYyvknHf0v5ZYj	GET	no-origin	/notes?start=P7VRh0KC5aggoXlciUKn&limit=2&asc=true
20260212	10:13:50	g5sYaDMpe3egNzoPViWY	GET	no-origin	/notes?start=P7VRh0KC5aggoXlciUKn&limit=2&asc=true
20260212	10:14:46	n2BbKqEreUsxWSkYT9lp	GET	no-origin	/notes?startDocId=P7VRh0KC5aggoXlciUKn&limit=2&asc=true
20260212	10:15:13	f63oBr6my50bPg6mwUZe	GET	no-origin	/notes?startDocId=P7VRh0KC5aggoXlciUKn&limit=2&asc=false
